#-----------------------------------------------------------
# Vivado v2018.3 (64-bit)
# SW Build 2405991 on Thu Dec  6 23:38:27 MST 2018
# IP Build 2404404 on Fri Dec  7 01:43:56 MST 2018
# Start of session at: Thu Feb 17 17:42:36 2022
# Process ID: 14396
# Current directory: D:/HBirdV2_print_core/e203_project
# Command line: vivado.exe -gui_launcher_event rodinguilauncherevent2860 D:\HBirdV2_print_core\e203_project\e203_project.xpr
# Log file: D:/HBirdV2_print_core/e203_project/vivado.log
# Journal file: D:/HBirdV2_print_core/e203_project\vivado.jou
#-----------------------------------------------------------
start_gui
open_project D:/HBirdV2_print_core/e203_project/e203_project.xpr
Scanning sources...
Finished scanning sources
INFO: [IP_Flow 19-234] Refreshing IP repositories
INFO: [IP_Flow 19-1704] No user IP repositories specified
INFO: [IP_Flow 19-2313] Loaded Vivado IP repository 'D:/xilinx/Vivado/2018.3/data/ip'.
open_project: Time (s): cpu = 00:00:16 ; elapsed = 00:00:08 . Memory (MB): peak = 849.027 ; gain = 234.129
open_hw
update_compile_order -fileset sources_1
connect_hw_server
INFO: [Labtools 27-2285] Connecting to hw_server url TCP:localhost:3121
INFO: [Labtools 27-2222] Launching hw_server...
INFO: [Labtools 27-2221] Launch Output:

****** Xilinx hw_server v2018.3
  **** Build date : Dec  7 2018-00:40:27
    ** Copyright 1986-2018 Xilinx, Inc. All Rights Reserved.


open_hw_target
INFO: [Labtoolstcl 44-466] Opening hw_target localhost:3121/xilinx_tcf/Digilent/210292B40C49A
set_property PROGRAM.FILE {D:/HBirdV2_print_core/e203_project/e203_project.runs/impl_1/system.bit} [get_hw_devices xc7a100t_0]
current_hw_device [get_hw_devices xc7a100t_0]
refresh_hw_device -update_hw_probes false [lindex [get_hw_devices xc7a100t_0] 0]
INFO: [Labtools 27-1435] Device xc7a100t (JTAG device index = 0) is not programmed (DONE status = 0).
set_property PROBES.FILE {} [get_hw_devices xc7a100t_0]
set_property FULL_PROBES.FILE {} [get_hw_devices xc7a100t_0]
set_property PROGRAM.FILE {D:/HBirdV2_print_core/e203_project/e203_project.runs/impl_1/system.bit} [get_hw_devices xc7a100t_0]
program_hw_devices [get_hw_devices xc7a100t_0]
INFO: [Labtools 27-3164] End of startup status: HIGH
refresh_hw_device [lindex [get_hw_devices xc7a100t_0] 0]
INFO: [Labtools 27-1434] Device xc7a100t (JTAG device index = 0) is programmed with a design that has no supported debug core(s) in it.
ERROR: [Labtoolstcl 44-513] HW Target shutdown. Closing target: localhost:3121/xilinx_tcf/Digilent/210292B40C49A
WARNING: [IP_Flow 19-4067] Ignoring invalid widget type specified checkbox.Providing a default widget
WARNING: [IP_Flow 19-4067] Ignoring invalid widget type specified checkbox.Providing a default widget
create_ip -name ila -vendor xilinx.com -library ip -version 6.2 -module_name ila_0 -dir d:/HBirdV2_print_core/e203_project/e203_project.srcs/sources_1/ip
set_property -dict [list CONFIG.C_PROBE0_WIDTH {8}] [get_ips ila_0]
generate_target {instantiation_template} [get_files d:/HBirdV2_print_core/e203_project/e203_project.srcs/sources_1/ip/ila_0/ila_0.xci]
INFO: [IP_Flow 19-1686] Generating 'Instantiation Template' target for IP 'ila_0'...
update_compile_order -fileset sources_1
generate_target all [get_files  d:/HBirdV2_print_core/e203_project/e203_project.srcs/sources_1/ip/ila_0/ila_0.xci]
INFO: [IP_Flow 19-1686] Generating 'Synthesis' target for IP 'ila_0'...
WARNING: [IP_Flow 19-4994] Overwriting existing constraint file 'd:/HBirdV2_print_core/e203_project/e203_project.srcs/sources_1/ip/ila_0/ila_0_ooc.xdc'
INFO: [IP_Flow 19-1686] Generating 'Simulation' target for IP 'ila_0'...
INFO: [IP_Flow 19-1686] Generating 'Implementation' target for IP 'ila_0'...
INFO: [IP_Flow 19-1686] Generating 'Change Log' target for IP 'ila_0'...
catch { config_ip_cache -export [get_ips -all ila_0] }
export_ip_user_files -of_objects [get_files d:/HBirdV2_print_core/e203_project/e203_project.srcs/sources_1/ip/ila_0/ila_0.xci] -no_script -sync -force -quiet
create_ip_run [get_files -of_objects [get_fileset sources_1] d:/HBirdV2_print_core/e203_project/e203_project.srcs/sources_1/ip/ila_0/ila_0.xci]
launch_runs -jobs 8 ila_0_synth_1
[Thu Feb 17 18:50:36 2022] Launched ila_0_synth_1...
Run output will be captured here: D:/HBirdV2_print_core/e203_project/e203_project.runs/ila_0_synth_1/runme.log
export_simulation -of_objects [get_files d:/HBirdV2_print_core/e203_project/e203_project.srcs/sources_1/ip/ila_0/ila_0.xci] -directory D:/HBirdV2_print_core/e203_project/e203_project.ip_user_files/sim_scripts -ip_user_files_dir D:/HBirdV2_print_core/e203_project/e203_project.ip_user_files -ipstatic_source_dir D:/HBirdV2_print_core/e203_project/e203_project.ip_user_files/ipstatic -lib_map_path [list {modelsim=D:/HBirdV2_print_core/e203_project/e203_project.cache/compile_simlib/modelsim} {questa=D:/HBirdV2_print_core/e203_project/e203_project.cache/compile_simlib/questa} {riviera=D:/HBirdV2_print_core/e203_project/e203_project.cache/compile_simlib/riviera} {activehdl=D:/HBirdV2_print_core/e203_project/e203_project.cache/compile_simlib/activehdl}] -use_ip_compiled_libs -force -quiet
exit
INFO: [Common 17-206] Exiting Vivado at Thu Feb 17 18:56:22 2022...
