Copyright 1986-2018 Xilinx, Inc. All Rights Reserved.
------------------------------------------------------------------------------------------------------------
| Tool Version : Vivado v.2018.3 (win64) Build 2405991 Thu Dec  6 23:38:27 MST 2018
| Date         : Mon Feb 21 18:44:06 2022
| Host         : LAPTOP-SHO4DDS4 running 64-bit major release  (build 9200)
| Command      : report_drc -file system_drc_routed.rpt -pb system_drc_routed.pb -rpx system_drc_routed.rpx
| Design       : system
| Device       : xc7a100tcsg324-1
| Speed File   : -1
| Design State : Fully Routed
------------------------------------------------------------------------------------------------------------

Report DRC

Table of Contents
-----------------
1. REPORT SUMMARY
2. REPORT DETAILS

1. REPORT SUMMARY
-----------------
            Netlist: netlist
          Floorplan: design_1
      Design limits: <entire design considered>
           Ruledeck: default
             Max violations: <unlimited>
             Violations found: 27
+-----------+----------+-----------------------------------------------------+------------+
| Rule      | Severity | Description                                         | Violations |
+-----------+----------+-----------------------------------------------------+------------+
| BUFC-1    | Warning  | Input Buffer Connections                            | 1          |
| CFGBVS-1  | Warning  | Missing CFGBVS and CONFIG_VOLTAGE Design Properties | 1          |
| CHECK-3   | Warning  | Report rule limit reached                           | 1          |
| PDRC-153  | Warning  | Gated clock check                                   | 2          |
| PLCK-12   | Warning  | Clock Placer Checks                                 | 1          |
| REQP-1839 | Warning  | RAMB36 async control check                          | 20         |
| RTSTAT-10 | Warning  | No routable loads                                   | 1          |
+-----------+----------+-----------------------------------------------------+------------+

2. REPORT DETAILS
-----------------
BUFC-1#1 Warning
Input Buffer Connections  
Input buffer IOBUF_jtag_TDO/IBUF (in IOBUF_jtag_TDO macro) has no loads. It is recommended to have an input buffer drive an internal load.
Related violations: <none>

CFGBVS-1#1 Warning
Missing CFGBVS and CONFIG_VOLTAGE Design Properties  
Neither the CFGBVS nor CONFIG_VOLTAGE voltage property is set in the current_design.  Configuration bank voltage select (CFGBVS) must be set to VCCO or GND, and CONFIG_VOLTAGE must be set to the correct configuration voltage, in order to determine the I/O voltage support for the pins in bank 0.  It is suggested to specify these either using the 'Edit Device Properties' function in the GUI or directly in the XDC file using the following syntax:

 set_property CFGBVS value1 [current_design]
 #where value1 is either VCCO or GND

 set_property CONFIG_VOLTAGE value2 [current_design]
 #where value2 is the voltage provided to configuration bank 0

Refer to the device configuration user guide for more information.
Related violations: <none>

CHECK-3#1 Warning
Report rule limit reached  
REQP-1839 rule limit reached: 20 violations have been found.
Related violations: <none>

PDRC-153#1 Warning
Gated clock check  
Net dut/u_e203_subsys_top/u_e203_subsys_main/u_e203_subsys_perips/u_sirv_ppi_fab/u_sirv_gnrl_icb_buffer/u_sirv_gnrl_cmd_fifo/dp_gt0.fifo_rf[1].fifo_rf_dffl/E[0] is a gated clock net sourced by a combinational pin dut/u_e203_subsys_top/u_e203_subsys_main/u_e203_subsys_perips/u_sirv_ppi_fab/u_sirv_gnrl_icb_buffer/u_sirv_gnrl_cmd_fifo/dp_gt0.fifo_rf[1].fifo_rf_dffl/fifo_tx_data_reg[7]_i_2__0/O, cell dut/u_e203_subsys_top/u_e203_subsys_main/u_e203_subsys_perips/u_sirv_ppi_fab/u_sirv_gnrl_icb_buffer/u_sirv_gnrl_cmd_fifo/dp_gt0.fifo_rf[1].fifo_rf_dffl/fifo_tx_data_reg[7]_i_2__0. This is not good design practice and will likely impact performance. For SLICE registers, for example, use the CE pin to control the loading of data.
Related violations: <none>

PDRC-153#2 Warning
Gated clock check  
Net dut/u_e203_subsys_top/u_e203_subsys_main/u_e203_subsys_perips/u_sirv_ppi_fab/u_sirv_gnrl_icb_buffer/u_sirv_gnrl_cmd_fifo/dp_gt0.fifo_rf[1].fifo_rf_dffl/regs_q_reg[31]_1[0] is a gated clock net sourced by a combinational pin dut/u_e203_subsys_top/u_e203_subsys_main/u_e203_subsys_perips/u_sirv_ppi_fab/u_sirv_gnrl_icb_buffer/u_sirv_gnrl_cmd_fifo/dp_gt0.fifo_rf[1].fifo_rf_dffl/fifo_tx_data_reg[7]_i_2__1/O, cell dut/u_e203_subsys_top/u_e203_subsys_main/u_e203_subsys_perips/u_sirv_ppi_fab/u_sirv_gnrl_icb_buffer/u_sirv_gnrl_cmd_fifo/dp_gt0.fifo_rf[1].fifo_rf_dffl/fifo_tx_data_reg[7]_i_2__1. This is not good design practice and will likely impact performance. For SLICE registers, for example, use the CE pin to control the loading of data.
Related violations: <none>

PLCK-12#1 Warning
Clock Placer Checks  
Poor placement for routing between an IO pin and BUFG. 
Resolution: Poor placement of an IO pin and a BUFG has resulted in the router using a non-dedicated path between the two.  There are several things that could trigger this DRC, each of which can cause unpredictable clock insertion delays that result in poor timing.  This DRC could be caused by any of the following: (a) a clock port was placed on a pin that is not a CCIO-pin (b)the BUFG has not been placed in the same half of the device or SLR as the CCIO-pin (c) a single ended clock has been placed on the N-Side of a differential pair CCIO-pin.
 This is normally an ERROR but the CLOCK_DEDICATED_ROUTE constraint is set to FALSE allowing your design to continue. The use of this override is highly discouraged as it may lead to very poor timing results. It is recommended that this error condition be corrected in the design.

	IOBUF_jtag_TCK/IBUF (in IOBUF_jtag_TCK macro) (IBUF.O) is locked to D18
	dut_io_pads_jtag_TCK_i_ival_BUFG_inst (BUFG.I) is provisionally placed by clockplacer on BUFGCTRL_X0Y2

Related violations: <none>

REQP-1839#1 Warning
RAMB36 async control check  
The RAMB36E1 dut/u_e203_subsys_top/u_e203_subsys_main/u_e203_cpu_top/u_e203_srams/u_e203_dtcm_ram/u_e203_dtcm_gnrl_ram/u_sirv_sim_ram/mem[1].non_last.mem_r_reg_0_0 has an input control pin dut/u_e203_subsys_top/u_e203_subsys_main/u_e203_cpu_top/u_e203_srams/u_e203_dtcm_ram/u_e203_dtcm_gnrl_ram/u_sirv_sim_ram/mem[1].non_last.mem_r_reg_0_0/ADDRARDADDR[14] (net: dut/u_e203_subsys_top/u_e203_subsys_main/u_e203_cpu_top/u_e203_srams/u_e203_dtcm_ram/u_e203_dtcm_gnrl_ram/u_sirv_sim_ram/ADDRARDADDR[13]) which is driven by a register (dut/u_e203_subsys_top/u_e203_subsys_main/u_e203_cpu_top/u_e203_cpu/u_e203_core/u_e203_biu/u_biu_icb_arbt/arbt_num_gt_1_gen.dp_1.u_sirv_gnrl_rspid_fifo/dp_gt_0.vld_dfflr/qout_r_reg[0]) that has an active asychronous set or reset. This may cause corruption of the memory contents and/or read values when the set/reset is asserted and is not analyzed by the default static timing analysis. It is suggested to eliminate the use of a set/reset to registers driving this RAMB pin or else use a synchronous reset in which the assertion of the reset is timed by default.
Related violations: <none>

REQP-1839#2 Warning
RAMB36 async control check  
The RAMB36E1 dut/u_e203_subsys_top/u_e203_subsys_main/u_e203_cpu_top/u_e203_srams/u_e203_dtcm_ram/u_e203_dtcm_gnrl_ram/u_sirv_sim_ram/mem[1].non_last.mem_r_reg_0_0 has an input control pin dut/u_e203_subsys_top/u_e203_subsys_main/u_e203_cpu_top/u_e203_srams/u_e203_dtcm_ram/u_e203_dtcm_gnrl_ram/u_sirv_sim_ram/mem[1].non_last.mem_r_reg_0_0/ADDRARDADDR[14] (net: dut/u_e203_subsys_top/u_e203_subsys_main/u_e203_cpu_top/u_e203_srams/u_e203_dtcm_ram/u_e203_dtcm_gnrl_ram/u_sirv_sim_ram/ADDRARDADDR[13]) which is driven by a register (dut/u_e203_subsys_top/u_e203_subsys_main/u_e203_cpu_top/u_e203_cpu/u_e203_core/u_e203_biu/u_sirv_gnrl_icb_buffer/u_sirv_gnrl_cmd_fifo/dp_gt0.vec_31_dfflr/qout_r_reg[0]) that has an active asychronous set or reset. This may cause corruption of the memory contents and/or read values when the set/reset is asserted and is not analyzed by the default static timing analysis. It is suggested to eliminate the use of a set/reset to registers driving this RAMB pin or else use a synchronous reset in which the assertion of the reset is timed by default.
Related violations: <none>

REQP-1839#3 Warning
RAMB36 async control check  
The RAMB36E1 dut/u_e203_subsys_top/u_e203_subsys_main/u_e203_cpu_top/u_e203_srams/u_e203_dtcm_ram/u_e203_dtcm_gnrl_ram/u_sirv_sim_ram/mem[1].non_last.mem_r_reg_0_0 has an input control pin dut/u_e203_subsys_top/u_e203_subsys_main/u_e203_cpu_top/u_e203_srams/u_e203_dtcm_ram/u_e203_dtcm_gnrl_ram/u_sirv_sim_ram/mem[1].non_last.mem_r_reg_0_0/ADDRARDADDR[14] (net: dut/u_e203_subsys_top/u_e203_subsys_main/u_e203_cpu_top/u_e203_srams/u_e203_dtcm_ram/u_e203_dtcm_gnrl_ram/u_sirv_sim_ram/ADDRARDADDR[13]) which is driven by a register (dut/u_e203_subsys_top/u_e203_subsys_main/u_e203_cpu_top/u_e203_cpu/u_e203_core/u_e203_biu/u_sirv_gnrl_icb_buffer/u_sirv_gnrl_rsp_fifo/dp_gt0.vec_31_dfflr/qout_r_reg[0]) that has an active asychronous set or reset. This may cause corruption of the memory contents and/or read values when the set/reset is asserted and is not analyzed by the default static timing analysis. It is suggested to eliminate the use of a set/reset to registers driving this RAMB pin or else use a synchronous reset in which the assertion of the reset is timed by default.
Related violations: <none>

REQP-1839#4 Warning
RAMB36 async control check  
The RAMB36E1 dut/u_e203_subsys_top/u_e203_subsys_main/u_e203_cpu_top/u_e203_srams/u_e203_dtcm_ram/u_e203_dtcm_gnrl_ram/u_sirv_sim_ram/mem[1].non_last.mem_r_reg_0_0 has an input control pin dut/u_e203_subsys_top/u_e203_subsys_main/u_e203_cpu_top/u_e203_srams/u_e203_dtcm_ram/u_e203_dtcm_gnrl_ram/u_sirv_sim_ram/mem[1].non_last.mem_r_reg_0_0/ADDRARDADDR[14] (net: dut/u_e203_subsys_top/u_e203_subsys_main/u_e203_cpu_top/u_e203_srams/u_e203_dtcm_ram/u_e203_dtcm_gnrl_ram/u_sirv_sim_ram/ADDRARDADDR[13]) which is driven by a register (dut/u_e203_subsys_top/u_e203_subsys_main/u_e203_cpu_top/u_e203_cpu/u_e203_core/u_e203_exu/u_e203_exu_alu/u_e203_exu_alu_lsuagu/icb_leftover_err_dfflr/qout_r_reg[0]) that has an active asychronous set or reset. This may cause corruption of the memory contents and/or read values when the set/reset is asserted and is not analyzed by the default static timing analysis. It is suggested to eliminate the use of a set/reset to registers driving this RAMB pin or else use a synchronous reset in which the assertion of the reset is timed by default.
Related violations: <none>

REQP-1839#5 Warning
RAMB36 async control check  
The RAMB36E1 dut/u_e203_subsys_top/u_e203_subsys_main/u_e203_cpu_top/u_e203_srams/u_e203_dtcm_ram/u_e203_dtcm_gnrl_ram/u_sirv_sim_ram/mem[1].non_last.mem_r_reg_0_0 has an input control pin dut/u_e203_subsys_top/u_e203_subsys_main/u_e203_cpu_top/u_e203_srams/u_e203_dtcm_ram/u_e203_dtcm_gnrl_ram/u_sirv_sim_ram/mem[1].non_last.mem_r_reg_0_0/ADDRARDADDR[14] (net: dut/u_e203_subsys_top/u_e203_subsys_main/u_e203_cpu_top/u_e203_srams/u_e203_dtcm_ram/u_e203_dtcm_gnrl_ram/u_sirv_sim_ram/ADDRARDADDR[13]) which is driven by a register (dut/u_e203_subsys_top/u_e203_subsys_main/u_e203_cpu_top/u_e203_cpu/u_e203_core/u_e203_exu/u_e203_exu_alu/u_e203_exu_alu_lsuagu/icb_state_dfflr/qout_r_reg[0]) that has an active asychronous set or reset. This may cause corruption of the memory contents and/or read values when the set/reset is asserted and is not analyzed by the default static timing analysis. It is suggested to eliminate the use of a set/reset to registers driving this RAMB pin or else use a synchronous reset in which the assertion of the reset is timed by default.
Related violations: <none>

REQP-1839#6 Warning
RAMB36 async control check  
The RAMB36E1 dut/u_e203_subsys_top/u_e203_subsys_main/u_e203_cpu_top/u_e203_srams/u_e203_dtcm_ram/u_e203_dtcm_gnrl_ram/u_sirv_sim_ram/mem[1].non_last.mem_r_reg_0_0 has an input control pin dut/u_e203_subsys_top/u_e203_subsys_main/u_e203_cpu_top/u_e203_srams/u_e203_dtcm_ram/u_e203_dtcm_gnrl_ram/u_sirv_sim_ram/mem[1].non_last.mem_r_reg_0_0/ADDRARDADDR[14] (net: dut/u_e203_subsys_top/u_e203_subsys_main/u_e203_cpu_top/u_e203_srams/u_e203_dtcm_ram/u_e203_dtcm_gnrl_ram/u_sirv_sim_ram/ADDRARDADDR[13]) which is driven by a register (dut/u_e203_subsys_top/u_e203_subsys_main/u_e203_cpu_top/u_e203_cpu/u_e203_core/u_e203_exu/u_e203_exu_alu/u_e203_exu_alu_lsuagu/icb_state_dfflr/qout_r_reg[1]) that has an active asychronous set or reset. This may cause corruption of the memory contents and/or read values when the set/reset is asserted and is not analyzed by the default static timing analysis. It is suggested to eliminate the use of a set/reset to registers driving this RAMB pin or else use a synchronous reset in which the assertion of the reset is timed by default.
Related violations: <none>

REQP-1839#7 Warning
RAMB36 async control check  
The RAMB36E1 dut/u_e203_subsys_top/u_e203_subsys_main/u_e203_cpu_top/u_e203_srams/u_e203_dtcm_ram/u_e203_dtcm_gnrl_ram/u_sirv_sim_ram/mem[1].non_last.mem_r_reg_0_0 has an input control pin dut/u_e203_subsys_top/u_e203_subsys_main/u_e203_cpu_top/u_e203_srams/u_e203_dtcm_ram/u_e203_dtcm_gnrl_ram/u_sirv_sim_ram/mem[1].non_last.mem_r_reg_0_0/ADDRARDADDR[14] (net: dut/u_e203_subsys_top/u_e203_subsys_main/u_e203_cpu_top/u_e203_srams/u_e203_dtcm_ram/u_e203_dtcm_gnrl_ram/u_sirv_sim_ram/ADDRARDADDR[13]) which is driven by a register (dut/u_e203_subsys_top/u_e203_subsys_main/u_e203_cpu_top/u_e203_cpu/u_e203_core/u_e203_exu/u_e203_exu_alu/u_e203_exu_alu_lsuagu/icb_state_dfflr/qout_r_reg[2]) that has an active asychronous set or reset. This may cause corruption of the memory contents and/or read values when the set/reset is asserted and is not analyzed by the default static timing analysis. It is suggested to eliminate the use of a set/reset to registers driving this RAMB pin or else use a synchronous reset in which the assertion of the reset is timed by default.
Related violations: <none>

REQP-1839#8 Warning
RAMB36 async control check  
The RAMB36E1 dut/u_e203_subsys_top/u_e203_subsys_main/u_e203_cpu_top/u_e203_srams/u_e203_dtcm_ram/u_e203_dtcm_gnrl_ram/u_sirv_sim_ram/mem[1].non_last.mem_r_reg_0_0 has an input control pin dut/u_e203_subsys_top/u_e203_subsys_main/u_e203_cpu_top/u_e203_srams/u_e203_dtcm_ram/u_e203_dtcm_gnrl_ram/u_sirv_sim_ram/mem[1].non_last.mem_r_reg_0_0/ADDRARDADDR[14] (net: dut/u_e203_subsys_top/u_e203_subsys_main/u_e203_cpu_top/u_e203_srams/u_e203_dtcm_ram/u_e203_dtcm_gnrl_ram/u_sirv_sim_ram/ADDRARDADDR[13]) which is driven by a register (dut/u_e203_subsys_top/u_e203_subsys_main/u_e203_cpu_top/u_e203_cpu/u_e203_core/u_e203_exu/u_e203_exu_alu/u_e203_exu_alu_muldiv/exec_cnt_dfflr/qout_r_reg[0]) that has an active asychronous set or reset. This may cause corruption of the memory contents and/or read values when the set/reset is asserted and is not analyzed by the default static timing analysis. It is suggested to eliminate the use of a set/reset to registers driving this RAMB pin or else use a synchronous reset in which the assertion of the reset is timed by default.
Related violations: <none>

REQP-1839#9 Warning
RAMB36 async control check  
The RAMB36E1 dut/u_e203_subsys_top/u_e203_subsys_main/u_e203_cpu_top/u_e203_srams/u_e203_dtcm_ram/u_e203_dtcm_gnrl_ram/u_sirv_sim_ram/mem[1].non_last.mem_r_reg_0_0 has an input control pin dut/u_e203_subsys_top/u_e203_subsys_main/u_e203_cpu_top/u_e203_srams/u_e203_dtcm_ram/u_e203_dtcm_gnrl_ram/u_sirv_sim_ram/mem[1].non_last.mem_r_reg_0_0/ADDRARDADDR[14] (net: dut/u_e203_subsys_top/u_e203_subsys_main/u_e203_cpu_top/u_e203_srams/u_e203_dtcm_ram/u_e203_dtcm_gnrl_ram/u_sirv_sim_ram/ADDRARDADDR[13]) which is driven by a register (dut/u_e203_subsys_top/u_e203_subsys_main/u_e203_cpu_top/u_e203_cpu/u_e203_core/u_e203_exu/u_e203_exu_alu/u_e203_exu_alu_muldiv/exec_cnt_dfflr/qout_r_reg[1]) that has an active asychronous set or reset. This may cause corruption of the memory contents and/or read values when the set/reset is asserted and is not analyzed by the default static timing analysis. It is suggested to eliminate the use of a set/reset to registers driving this RAMB pin or else use a synchronous reset in which the assertion of the reset is timed by default.
Related violations: <none>

REQP-1839#10 Warning
RAMB36 async control check  
The RAMB36E1 dut/u_e203_subsys_top/u_e203_subsys_main/u_e203_cpu_top/u_e203_srams/u_e203_dtcm_ram/u_e203_dtcm_gnrl_ram/u_sirv_sim_ram/mem[1].non_last.mem_r_reg_0_0 has an input control pin dut/u_e203_subsys_top/u_e203_subsys_main/u_e203_cpu_top/u_e203_srams/u_e203_dtcm_ram/u_e203_dtcm_gnrl_ram/u_sirv_sim_ram/mem[1].non_last.mem_r_reg_0_0/ADDRARDADDR[14] (net: dut/u_e203_subsys_top/u_e203_subsys_main/u_e203_cpu_top/u_e203_srams/u_e203_dtcm_ram/u_e203_dtcm_gnrl_ram/u_sirv_sim_ram/ADDRARDADDR[13]) which is driven by a register (dut/u_e203_subsys_top/u_e203_subsys_main/u_e203_cpu_top/u_e203_cpu/u_e203_core/u_e203_exu/u_e203_exu_alu/u_e203_exu_alu_muldiv/exec_cnt_dfflr/qout_r_reg[2]) that has an active asychronous set or reset. This may cause corruption of the memory contents and/or read values when the set/reset is asserted and is not analyzed by the default static timing analysis. It is suggested to eliminate the use of a set/reset to registers driving this RAMB pin or else use a synchronous reset in which the assertion of the reset is timed by default.
Related violations: <none>

REQP-1839#11 Warning
RAMB36 async control check  
The RAMB36E1 dut/u_e203_subsys_top/u_e203_subsys_main/u_e203_cpu_top/u_e203_srams/u_e203_dtcm_ram/u_e203_dtcm_gnrl_ram/u_sirv_sim_ram/mem[1].non_last.mem_r_reg_0_0 has an input control pin dut/u_e203_subsys_top/u_e203_subsys_main/u_e203_cpu_top/u_e203_srams/u_e203_dtcm_ram/u_e203_dtcm_gnrl_ram/u_sirv_sim_ram/mem[1].non_last.mem_r_reg_0_0/ADDRARDADDR[14] (net: dut/u_e203_subsys_top/u_e203_subsys_main/u_e203_cpu_top/u_e203_srams/u_e203_dtcm_ram/u_e203_dtcm_gnrl_ram/u_sirv_sim_ram/ADDRARDADDR[13]) which is driven by a register (dut/u_e203_subsys_top/u_e203_subsys_main/u_e203_cpu_top/u_e203_cpu/u_e203_core/u_e203_exu/u_e203_exu_alu/u_e203_exu_alu_muldiv/exec_cnt_dfflr/qout_r_reg[3]) that has an active asychronous set or reset. This may cause corruption of the memory contents and/or read values when the set/reset is asserted and is not analyzed by the default static timing analysis. It is suggested to eliminate the use of a set/reset to registers driving this RAMB pin or else use a synchronous reset in which the assertion of the reset is timed by default.
Related violations: <none>

REQP-1839#12 Warning
RAMB36 async control check  
The RAMB36E1 dut/u_e203_subsys_top/u_e203_subsys_main/u_e203_cpu_top/u_e203_srams/u_e203_dtcm_ram/u_e203_dtcm_gnrl_ram/u_sirv_sim_ram/mem[1].non_last.mem_r_reg_0_0 has an input control pin dut/u_e203_subsys_top/u_e203_subsys_main/u_e203_cpu_top/u_e203_srams/u_e203_dtcm_ram/u_e203_dtcm_gnrl_ram/u_sirv_sim_ram/mem[1].non_last.mem_r_reg_0_0/ADDRARDADDR[14] (net: dut/u_e203_subsys_top/u_e203_subsys_main/u_e203_cpu_top/u_e203_srams/u_e203_dtcm_ram/u_e203_dtcm_gnrl_ram/u_sirv_sim_ram/ADDRARDADDR[13]) which is driven by a register (dut/u_e203_subsys_top/u_e203_subsys_main/u_e203_cpu_top/u_e203_cpu/u_e203_core/u_e203_exu/u_e203_exu_alu/u_e203_exu_alu_muldiv/exec_cnt_dfflr/qout_r_reg[4]) that has an active asychronous set or reset. This may cause corruption of the memory contents and/or read values when the set/reset is asserted and is not analyzed by the default static timing analysis. It is suggested to eliminate the use of a set/reset to registers driving this RAMB pin or else use a synchronous reset in which the assertion of the reset is timed by default.
Related violations: <none>

REQP-1839#13 Warning
RAMB36 async control check  
The RAMB36E1 dut/u_e203_subsys_top/u_e203_subsys_main/u_e203_cpu_top/u_e203_srams/u_e203_dtcm_ram/u_e203_dtcm_gnrl_ram/u_sirv_sim_ram/mem[1].non_last.mem_r_reg_0_0 has an input control pin dut/u_e203_subsys_top/u_e203_subsys_main/u_e203_cpu_top/u_e203_srams/u_e203_dtcm_ram/u_e203_dtcm_gnrl_ram/u_sirv_sim_ram/mem[1].non_last.mem_r_reg_0_0/ADDRARDADDR[14] (net: dut/u_e203_subsys_top/u_e203_subsys_main/u_e203_cpu_top/u_e203_srams/u_e203_dtcm_ram/u_e203_dtcm_gnrl_ram/u_sirv_sim_ram/ADDRARDADDR[13]) which is driven by a register (dut/u_e203_subsys_top/u_e203_subsys_main/u_e203_cpu_top/u_e203_cpu/u_e203_core/u_e203_exu/u_e203_exu_alu/u_e203_exu_alu_muldiv/exec_cnt_dfflr/qout_r_reg[5]) that has an active asychronous set or reset. This may cause corruption of the memory contents and/or read values when the set/reset is asserted and is not analyzed by the default static timing analysis. It is suggested to eliminate the use of a set/reset to registers driving this RAMB pin or else use a synchronous reset in which the assertion of the reset is timed by default.
Related violations: <none>

REQP-1839#14 Warning
RAMB36 async control check  
The RAMB36E1 dut/u_e203_subsys_top/u_e203_subsys_main/u_e203_cpu_top/u_e203_srams/u_e203_dtcm_ram/u_e203_dtcm_gnrl_ram/u_sirv_sim_ram/mem[1].non_last.mem_r_reg_0_0 has an input control pin dut/u_e203_subsys_top/u_e203_subsys_main/u_e203_cpu_top/u_e203_srams/u_e203_dtcm_ram/u_e203_dtcm_gnrl_ram/u_sirv_sim_ram/mem[1].non_last.mem_r_reg_0_0/ADDRARDADDR[14] (net: dut/u_e203_subsys_top/u_e203_subsys_main/u_e203_cpu_top/u_e203_srams/u_e203_dtcm_ram/u_e203_dtcm_gnrl_ram/u_sirv_sim_ram/ADDRARDADDR[13]) which is driven by a register (dut/u_e203_subsys_top/u_e203_subsys_main/u_e203_cpu_top/u_e203_cpu/u_e203_core/u_e203_exu/u_e203_exu_alu/u_e203_exu_alu_muldiv/muldiv_state_dfflr/qout_r_reg[0]) that has an active asychronous set or reset. This may cause corruption of the memory contents and/or read values when the set/reset is asserted and is not analyzed by the default static timing analysis. It is suggested to eliminate the use of a set/reset to registers driving this RAMB pin or else use a synchronous reset in which the assertion of the reset is timed by default.
Related violations: <none>

REQP-1839#15 Warning
RAMB36 async control check  
The RAMB36E1 dut/u_e203_subsys_top/u_e203_subsys_main/u_e203_cpu_top/u_e203_srams/u_e203_dtcm_ram/u_e203_dtcm_gnrl_ram/u_sirv_sim_ram/mem[1].non_last.mem_r_reg_0_0 has an input control pin dut/u_e203_subsys_top/u_e203_subsys_main/u_e203_cpu_top/u_e203_srams/u_e203_dtcm_ram/u_e203_dtcm_gnrl_ram/u_sirv_sim_ram/mem[1].non_last.mem_r_reg_0_0/ADDRARDADDR[14] (net: dut/u_e203_subsys_top/u_e203_subsys_main/u_e203_cpu_top/u_e203_srams/u_e203_dtcm_ram/u_e203_dtcm_gnrl_ram/u_sirv_sim_ram/ADDRARDADDR[13]) which is driven by a register (dut/u_e203_subsys_top/u_e203_subsys_main/u_e203_cpu_top/u_e203_cpu/u_e203_core/u_e203_exu/u_e203_exu_alu/u_e203_exu_alu_muldiv/muldiv_state_dfflr/qout_r_reg[1]) that has an active asychronous set or reset. This may cause corruption of the memory contents and/or read values when the set/reset is asserted and is not analyzed by the default static timing analysis. It is suggested to eliminate the use of a set/reset to registers driving this RAMB pin or else use a synchronous reset in which the assertion of the reset is timed by default.
Related violations: <none>

REQP-1839#16 Warning
RAMB36 async control check  
The RAMB36E1 dut/u_e203_subsys_top/u_e203_subsys_main/u_e203_cpu_top/u_e203_srams/u_e203_dtcm_ram/u_e203_dtcm_gnrl_ram/u_sirv_sim_ram/mem[1].non_last.mem_r_reg_0_0 has an input control pin dut/u_e203_subsys_top/u_e203_subsys_main/u_e203_cpu_top/u_e203_srams/u_e203_dtcm_ram/u_e203_dtcm_gnrl_ram/u_sirv_sim_ram/mem[1].non_last.mem_r_reg_0_0/ADDRARDADDR[14] (net: dut/u_e203_subsys_top/u_e203_subsys_main/u_e203_cpu_top/u_e203_srams/u_e203_dtcm_ram/u_e203_dtcm_gnrl_ram/u_sirv_sim_ram/ADDRARDADDR[13]) which is driven by a register (dut/u_e203_subsys_top/u_e203_subsys_main/u_e203_cpu_top/u_e203_cpu/u_e203_core/u_e203_exu/u_e203_exu_alu/u_e203_exu_alu_muldiv/muldiv_state_dfflr/qout_r_reg[2]) that has an active asychronous set or reset. This may cause corruption of the memory contents and/or read values when the set/reset is asserted and is not analyzed by the default static timing analysis. It is suggested to eliminate the use of a set/reset to registers driving this RAMB pin or else use a synchronous reset in which the assertion of the reset is timed by default.
Related violations: <none>

REQP-1839#17 Warning
RAMB36 async control check  
The RAMB36E1 dut/u_e203_subsys_top/u_e203_subsys_main/u_e203_cpu_top/u_e203_srams/u_e203_dtcm_ram/u_e203_dtcm_gnrl_ram/u_sirv_sim_ram/mem[1].non_last.mem_r_reg_0_0 has an input control pin dut/u_e203_subsys_top/u_e203_subsys_main/u_e203_cpu_top/u_e203_srams/u_e203_dtcm_ram/u_e203_dtcm_gnrl_ram/u_sirv_sim_ram/mem[1].non_last.mem_r_reg_0_0/ADDRARDADDR[14] (net: dut/u_e203_subsys_top/u_e203_subsys_main/u_e203_cpu_top/u_e203_srams/u_e203_dtcm_ram/u_e203_dtcm_gnrl_ram/u_sirv_sim_ram/ADDRARDADDR[13]) which is driven by a register (dut/u_e203_subsys_top/u_e203_subsys_main/u_e203_cpu_top/u_e203_cpu/u_e203_core/u_e203_exu/u_e203_exu_alu/u_e203_exu_alu_muldiv/part_prdt_sft1_dfflr/qout_r_reg[0]) that has an active asychronous set or reset. This may cause corruption of the memory contents and/or read values when the set/reset is asserted and is not analyzed by the default static timing analysis. It is suggested to eliminate the use of a set/reset to registers driving this RAMB pin or else use a synchronous reset in which the assertion of the reset is timed by default.
Related violations: <none>

REQP-1839#18 Warning
RAMB36 async control check  
The RAMB36E1 dut/u_e203_subsys_top/u_e203_subsys_main/u_e203_cpu_top/u_e203_srams/u_e203_dtcm_ram/u_e203_dtcm_gnrl_ram/u_sirv_sim_ram/mem[1].non_last.mem_r_reg_0_0 has an input control pin dut/u_e203_subsys_top/u_e203_subsys_main/u_e203_cpu_top/u_e203_srams/u_e203_dtcm_ram/u_e203_dtcm_gnrl_ram/u_sirv_sim_ram/mem[1].non_last.mem_r_reg_0_0/ADDRARDADDR[14] (net: dut/u_e203_subsys_top/u_e203_subsys_main/u_e203_cpu_top/u_e203_srams/u_e203_dtcm_ram/u_e203_dtcm_gnrl_ram/u_sirv_sim_ram/ADDRARDADDR[13]) which is driven by a register (dut/u_e203_subsys_top/u_e203_subsys_main/u_e203_cpu_top/u_e203_cpu/u_e203_core/u_e203_exu/u_e203_exu_alu/u_e203_exu_alu_muldiv/part_remd_sft1_dfflr/qout_r_reg[0]) that has an active asychronous set or reset. This may cause corruption of the memory contents and/or read values when the set/reset is asserted and is not analyzed by the default static timing analysis. It is suggested to eliminate the use of a set/reset to registers driving this RAMB pin or else use a synchronous reset in which the assertion of the reset is timed by default.
Related violations: <none>

REQP-1839#19 Warning
RAMB36 async control check  
The RAMB36E1 dut/u_e203_subsys_top/u_e203_subsys_main/u_e203_cpu_top/u_e203_srams/u_e203_dtcm_ram/u_e203_dtcm_gnrl_ram/u_sirv_sim_ram/mem[1].non_last.mem_r_reg_0_0 has an input control pin dut/u_e203_subsys_top/u_e203_subsys_main/u_e203_cpu_top/u_e203_srams/u_e203_dtcm_ram/u_e203_dtcm_gnrl_ram/u_sirv_sim_ram/mem[1].non_last.mem_r_reg_0_0/ADDRARDADDR[14] (net: dut/u_e203_subsys_top/u_e203_subsys_main/u_e203_cpu_top/u_e203_srams/u_e203_dtcm_ram/u_e203_dtcm_gnrl_ram/u_sirv_sim_ram/ADDRARDADDR[13]) which is driven by a register (dut/u_e203_subsys_top/u_e203_subsys_main/u_e203_cpu_top/u_e203_cpu/u_e203_core/u_e203_exu/u_e203_exu_alu/u_e203_exu_nice/u_nice_itag_fifo/dp_gt0.dp_gt1.rptr_vec_31_dfflr/qout_r_reg[0]) that has an active asychronous set or reset. This may cause corruption of the memory contents and/or read values when the set/reset is asserted and is not analyzed by the default static timing analysis. It is suggested to eliminate the use of a set/reset to registers driving this RAMB pin or else use a synchronous reset in which the assertion of the reset is timed by default.
Related violations: <none>

REQP-1839#20 Warning
RAMB36 async control check  
The RAMB36E1 dut/u_e203_subsys_top/u_e203_subsys_main/u_e203_cpu_top/u_e203_srams/u_e203_dtcm_ram/u_e203_dtcm_gnrl_ram/u_sirv_sim_ram/mem[1].non_last.mem_r_reg_0_0 has an input control pin dut/u_e203_subsys_top/u_e203_subsys_main/u_e203_cpu_top/u_e203_srams/u_e203_dtcm_ram/u_e203_dtcm_gnrl_ram/u_sirv_sim_ram/mem[1].non_last.mem_r_reg_0_0/ADDRARDADDR[14] (net: dut/u_e203_subsys_top/u_e203_subsys_main/u_e203_cpu_top/u_e203_srams/u_e203_dtcm_ram/u_e203_dtcm_gnrl_ram/u_sirv_sim_ram/ADDRARDADDR[13]) which is driven by a register (dut/u_e203_subsys_top/u_e203_subsys_main/u_e203_cpu_top/u_e203_cpu/u_e203_core/u_e203_exu/u_e203_exu_alu/u_e203_exu_nice/u_nice_itag_fifo/dp_gt0.dp_gt1.rptr_vec_31_dfflr/qout_r_reg[1]) that has an active asychronous set or reset. This may cause corruption of the memory contents and/or read values when the set/reset is asserted and is not analyzed by the default static timing analysis. It is suggested to eliminate the use of a set/reset to registers driving this RAMB pin or else use a synchronous reset in which the assertion of the reset is timed by default.
Related violations: <none>

RTSTAT-10#1 Warning
No routable loads  
25 net(s) have no routable loads. The problem bus(es) and/or net(s) are dbg_hub/inst/BSCANID.u_xsdbm_id/CORE_XSDB.UUT_MASTER/U_ICON_INTERFACE/U_CMD6_RD/U_RD_FIFO/SUBCORE_FIFO.xsdbm_v3_0_0_rdfifo_inst/inst_fifo_gen/gconvfifo.rf/grf.rf/gntv_or_sync_fifo.gl0.rd/gr1.gr1_int.rfwft/aempty_fwft_i, dbg_hub/inst/BSCANID.u_xsdbm_id/CORE_XSDB.UUT_MASTER/U_ICON_INTERFACE/U_CMD7_CTL/ctl_reg[2:0], dbg_hub/inst/BSCANID.u_xsdbm_id/CORE_XSDB.UUT_MASTER/U_ICON_INTERFACE/U_CMD7_CTL/ctl_reg_en_2[1], dbg_hub/inst/BSCANID.u_xsdbm_id/CORE_XSDB.UUT_MASTER/U_ICON_INTERFACE/U_CMD1/ctl_reg_en_2[1], dbg_hub/inst/BSCANID.u_xsdbm_id/SWITCH_N_EXT_BSCAN.bscan_switch/m_bscan_capture[0], dbg_hub/inst/BSCANID.u_xsdbm_id/SWITCH_N_EXT_BSCAN.bscan_switch/m_bscan_drck[0], dbg_hub/inst/BSCANID.u_xsdbm_id/SWITCH_N_EXT_BSCAN.bscan_switch/m_bscan_runtest[0], dbg_hub/inst/BSCANID.u_xsdbm_id/CORE_XSDB.UUT_MASTER/U_ICON_INTERFACE/U_CMD6_RD/U_RD_FIFO/SUBCORE_FIFO.xsdbm_v3_0_0_rdfifo_inst/inst_fifo_gen/gconvfifo.rf/grf.rf/gntv_or_sync_fifo.gl0.wr/gwhf.whf/overflow, dbg_hub/inst/BSCANID.u_xsdbm_id/CORE_XSDB.UUT_MASTER/U_ICON_INTERFACE/U_CMD6_WR/U_WR_FIFO/SUBCORE_FIFO.xsdbm_v3_0_0_wrfifo_inst/inst_fifo_gen/gconvfifo.rf/grf.rf/gntv_or_sync_fifo.gl0.wr/gwhf.whf/overflow, dbg_hub/inst/BSCANID.u_xsdbm_id/CORE_XSDB.UUT_MASTER/U_ICON_INTERFACE/U_CMD6_RD/U_RD_FIFO/SUBCORE_FIFO.xsdbm_v3_0_0_rdfifo_inst/inst_fifo_gen/gconvfifo.rf/grf.rf/gntv_or_sync_fifo.gl0.rd/gras.rsts/ram_empty_i, dbg_hub/inst/BSCANID.u_xsdbm_id/CORE_XSDB.UUT_MASTER/U_ICON_INTERFACE/U_CMD6_WR/U_WR_FIFO/SUBCORE_FIFO.xsdbm_v3_0_0_wrfifo_inst/inst_fifo_gen/gconvfifo.rf/grf.rf/gntv_or_sync_fifo.gl0.wr/gwas.wsts/ram_full_i, dbg_hub/inst/BSCANID.u_xsdbm_id/CORE_XSDB.UUT_MASTER/U_ICON_INTERFACE/U_CMD6_WR/U_WR_FIFO/SUBCORE_FIFO.xsdbm_v3_0_0_wrfifo_inst/inst_fifo_gen/gconvfifo.rf/grf.rf/rstblk/rd_rst_reg[0], dbg_hub/inst/BSCANID.u_xsdbm_id/SWITCH_N_EXT_BSCAN.bscan_inst/s_bscan_tms, u_lia_inst/inst/ila_core_inst/u_ila_regs/U_XSDB_SLAVE/s_daddr_o[13], u_lia_inst/inst/ila_core_inst/u_ila_regs/U_XSDB_SLAVE/s_daddr_o[14] (the first 15 of 23 listed).
Related violations: <none>


