Copyright 1986-2018 Xilinx, Inc. All Rights Reserved.
----------------------------------------------------------------------------------------------------------------------------------------
| Tool Version     : Vivado v.2018.3 (win64) Build 2405991 Thu Dec  6 23:38:27 MST 2018
| Date             : Mon Feb 21 18:44:36 2022
| Host             : LAPTOP-SHO4DDS4 running 64-bit major release  (build 9200)
| Command          : report_power -file system_power_routed.rpt -pb system_power_summary_routed.pb -rpx system_power_routed.rpx
| Design           : system
| Device           : xc7a100tcsg324-1
| Design State     : routed
| Grade            : commercial
| Process          : typical
| Characterization : Production
----------------------------------------------------------------------------------------------------------------------------------------

Power Report

Table of Contents
-----------------
1. Summary
1.1 On-Chip Components
1.2 Power Supply Summary
1.3 Confidence Level
2. Settings
2.1 Environment
2.2 Clock Constraints
3. Detailed Reports
3.1 By Hierarchy

1. Summary
----------

+--------------------------+--------------+
| Total On-Chip Power (W)  | 0.223        |
| Design Power Budget (W)  | Unspecified* |
| Power Budget Margin (W)  | NA           |
| Dynamic (W)              | 0.123        |
| Device Static (W)        | 0.099        |
| Effective TJA (C/W)      | 4.6          |
| Max Ambient (C)          | 84.0         |
| Junction Temperature (C) | 26.0         |
| Confidence Level         | Low          |
| Setting File             | ---          |
| Simulation Activity File | ---          |
| Design Nets Matched      | NA           |
+--------------------------+--------------+
* Specify Design Power Budget using, set_operating_conditions -design_power_budget <value in Watts>


1.1 On-Chip Components
----------------------

+--------------------------+-----------+----------+-----------+-----------------+
| On-Chip                  | Power (W) | Used     | Available | Utilization (%) |
+--------------------------+-----------+----------+-----------+-----------------+
| Clocks                   |     0.007 |       11 |       --- |             --- |
| Slice Logic              |     0.002 |    27794 |       --- |             --- |
|   LUT as Logic           |     0.002 |    11971 |     63400 |           18.88 |
|   CARRY4                 |    <0.001 |      422 |     15850 |            2.66 |
|   Register               |    <0.001 |    12298 |    126800 |            9.70 |
|   LUT as Distributed RAM |    <0.001 |       40 |     19000 |            0.21 |
|   F7/F8 Muxes            |    <0.001 |      696 |     63400 |            1.10 |
|   BUFG                   |    <0.001 |        2 |        32 |            6.25 |
|   LUT as Shift Register  |    <0.001 |       66 |     19000 |            0.35 |
|   Others                 |     0.000 |      780 |       --- |             --- |
| Signals                  |     0.002 |    22737 |       --- |             --- |
| Block RAM                |     0.009 |     33.5 |       135 |           24.81 |
| MMCM                     |     0.103 |        1 |         6 |           16.67 |
| I/O                      |    <0.001 |       38 |       210 |           18.10 |
| Static Power             |     0.099 |          |           |                 |
| Total                    |     0.223 |          |           |                 |
+--------------------------+-----------+----------+-----------+-----------------+


1.2 Power Supply Summary
------------------------

+-----------+-------------+-----------+-------------+------------+
| Source    | Voltage (V) | Total (A) | Dynamic (A) | Static (A) |
+-----------+-------------+-----------+-------------+------------+
| Vccint    |       1.000 |     0.035 |       0.019 |      0.016 |
| Vccaux    |       1.800 |     0.075 |       0.057 |      0.018 |
| Vcco33    |       3.300 |     0.004 |       0.000 |      0.004 |
| Vcco25    |       2.500 |     0.000 |       0.000 |      0.000 |
| Vcco18    |       1.800 |     0.000 |       0.000 |      0.000 |
| Vcco15    |       1.500 |     0.000 |       0.000 |      0.000 |
| Vcco135   |       1.350 |     0.000 |       0.000 |      0.000 |
| Vcco12    |       1.200 |     0.000 |       0.000 |      0.000 |
| Vccaux_io |       1.800 |     0.000 |       0.000 |      0.000 |
| Vccbram   |       1.000 |     0.002 |       0.001 |      0.001 |
| MGTAVcc   |       1.000 |     0.000 |       0.000 |      0.000 |
| MGTAVtt   |       1.200 |     0.000 |       0.000 |      0.000 |
| Vccadc    |       1.800 |     0.020 |       0.000 |      0.020 |
+-----------+-------------+-----------+-------------+------------+


1.3 Confidence Level
--------------------

+-----------------------------+------------+--------------------------------------------------------+--------------------------------------------------------------------------------------------------------------------+
| User Input Data             | Confidence | Details                                                | Action                                                                                                             |
+-----------------------------+------------+--------------------------------------------------------+--------------------------------------------------------------------------------------------------------------------+
| Design implementation state | High       | Design is routed                                       |                                                                                                                    |
| Clock nodes activity        | Medium     | More than 5% of clocks are missing user specification  | Provide missing clock activity with a constraint file, simulation results or by editing the "By Clock Domain" view |
| I/O nodes activity          | Low        | More than 75% of inputs are missing user specification | Provide missing input activity with simulation results or by editing the "By Resource Type -> I/Os" view           |
| Internal nodes activity     | Medium     | User specified less than 25% of internal nodes         | Provide missing internal nodes activity with simulation results or by editing the "By Resource Type" views         |
| Device models               | High       | Device models are Production                           |                                                                                                                    |
|                             |            |                                                        |                                                                                                                    |
| Overall confidence level    | Low        |                                                        |                                                                                                                    |
+-----------------------------+------------+--------------------------------------------------------+--------------------------------------------------------------------------------------------------------------------+


2. Settings
-----------

2.1 Environment
---------------

+-----------------------+--------------------------+
| Ambient Temp (C)      | 25.0                     |
| ThetaJA (C/W)         | 4.6                      |
| Airflow (LFM)         | 250                      |
| Heat Sink             | medium (Medium Profile)  |
| ThetaSA (C/W)         | 4.6                      |
| Board Selection       | medium (10"x10")         |
| # of Board Layers     | 12to15 (12 to 15 Layers) |
| Board Temperature (C) | 25.0                     |
+-----------------------+--------------------------+


2.2 Clock Constraints
---------------------

+--------------------------------------------------------------------------------------------+----------------------------------------------------------------------+-----------------+
| Clock                                                                                      | Domain                                                               | Constraint (ns) |
+--------------------------------------------------------------------------------------------+----------------------------------------------------------------------+-----------------+
| CLK100MHZ                                                                                  | CLK100MHZ                                                            |            10.0 |
| clk_out1_mmcm                                                                              | ip_mmcm/inst/clk_out1_mmcm                                           |            62.5 |
| clk_out1_mmcm_1                                                                            | ip_mmcm/inst/clk_out1_mmcm                                           |            62.5 |
| clk_out2_mmcm                                                                              | ip_mmcm/inst/clk_out2_mmcm                                           |            31.3 |
| clk_out2_mmcm_1                                                                            | ip_mmcm/inst/clk_out2_mmcm                                           |            31.3 |
| clkfbout_mmcm                                                                              | ip_mmcm/inst/clkfbout_mmcm                                           |            50.0 |
| clkfbout_mmcm_1                                                                            | ip_mmcm/inst/clkfbout_mmcm                                           |            50.0 |
| dbg_hub/inst/BSCANID.u_xsdbm_id/SWITCH_N_EXT_BSCAN.bscan_inst/SERIES7_BSCAN.bscan_inst/TCK | dbg_hub/inst/BSCANID.u_xsdbm_id/SWITCH_N_EXT_BSCAN.bscan_inst/tck_bs |            33.0 |
| sys_clk_pin                                                                                | CLK100MHZ                                                            |            10.0 |
+--------------------------------------------------------------------------------------------+----------------------------------------------------------------------+-----------------+


3. Detailed Reports
-------------------

3.1 By Hierarchy
----------------

+--------------------------+-----------+
| Name                     | Power (W) |
+--------------------------+-----------+
| system                   |     0.123 |
|   dbg_hub                |     0.002 |
|     inst                 |     0.002 |
|       BSCANID.u_xsdbm_id |     0.002 |
|   dut                    |     0.016 |
|     u_e203_subsys_top    |     0.016 |
|       u_e203_subsys_main |     0.015 |
|   ip_mmcm                |     0.103 |
|     inst                 |     0.103 |
|   u_lia_inst             |     0.002 |
|     inst                 |     0.002 |
|       ila_core_inst      |     0.002 |
+--------------------------+-----------+


